#
# There is insufficient memory for the Java Runtime Environment to continue.
# Native memory allocation (mmap) failed to map 134217728 bytes. Error detail: G1 virtual space
# Possible reasons:
#   The system is out of physical RAM or swap space
#   This process is running with CompressedOops enabled, and the Java Heap may be blocking the growth of the native heap
# Possible solutions:
#   Reduce memory load on the system
#   Increase physical memory or swap space
#   Check if swap backing store is full
#   Decrease Java heap size (-Xmx/-Xms)
#   Decrease number of Java threads
#   Decrease Java thread stack sizes (-Xss)
#   Set larger code cache with -XX:ReservedCodeCacheSize=
#   JVM is running with Unscaled Compressed Oops mode in which the Java heap is
#     placed in the first 4GB address space. The Java Heap base address is the
#     maximum limit for the native heap growth. Please use -XX:HeapBaseMinAddress
#     to set the Java Heap base and to place the Java Heap above 4GB virtual address.
# This output file may be truncated or incomplete.
#
#  Out of Memory Error (os_windows.cpp:3631), pid=10768, tid=17268
#
# JRE version:  (22.0.2+9) (build )
# Java VM: OpenJDK 64-Bit Server VM (22.0.2+9-70, mixed mode, sharing, tiered, compressed oops, compressed class ptrs, g1 gc, windows-amd64)
# No core dump will be written. Minidumps are not enabled by default on client versions of Windows
#

---------------  S U M M A R Y ------------

Command Line: 

Host: Intel(R) Core(TM) i5-5300U CPU @ 2.30GHz, 4 cores, 7G,  Windows 10 , 64 bit Build 19041 (10.0.19041.4957)
Time: Wed Nov  6 13:20:14 2024 Central Europe Standard Time elapsed time: 0.024467 seconds (0d 0h 0m 0s)

---------------  T H R E A D  ---------------

Current thread (0x0000024fb7b9c610):  JavaThread "Unknown thread" [_thread_in_vm, id=17268, stack(0x000000a1bef00000,0x000000a1bf000000) (1024K)]

Stack: [0x000000a1bef00000,0x000000a1bf000000]
Native frames: (J=compiled Java code, j=interpreted, Vv=VM code, C=native code)
V  [jvm.dll+0x6e26e9]  (no source info available)
V  [jvm.dll+0x875753]  (no source info available)
V  [jvm.dll+0x877b7e]  (no source info available)
V  [jvm.dll+0x878253]  (no source info available)
V  [jvm.dll+0x27fc86]  (no source info available)
V  [jvm.dll+0x6ded85]  (no source info available)
V  [jvm.dll+0x6d388a]  (no source info available)
V  [jvm.dll+0x358b8a]  (no source info available)
V  [jvm.dll+0x3610b6]  (no source info available)
V  [jvm.dll+0x3b419e]  (no source info available)
V  [jvm.dll+0x3b4448]  (no source info available)
V  [jvm.dll+0x32c5ec]  (no source info available)
V  [jvm.dll+0x32d258]  (no source info available)
V  [jvm.dll+0x83d5ac]  (no source info available)
V  [jvm.dll+0x3c10d1]  (no source info available)
V  [jvm.dll+0x8264cc]  (no source info available)
V  [jvm.dll+0x45bd5e]  (no source info available)
V  [jvm.dll+0x45dbe1]  (no source info available)
C  [jli.dll+0x52a3]  (no source info available)
C  [ucrtbase.dll+0x21bb2]  (no source info available)
C  [KERNEL32.DLL+0x17374]  (no source info available)
C  [ntdll.dll+0x4cc91]  (no source info available)


---------------  P R O C E S S  ---------------

Threads class SMR info:
_java_thread_list=0x00007ff90a3bc1c8, length=0, elements={
}

Java Threads: ( => current thread )
Total: 0

Other Threads:
  0x0000024fb9e156f0 WorkerThread "GC Thread#0"                     [id=26452, stack(0x000000a1bf000000,0x000000a1bf100000) (1024K)]
  0x0000024fb9e268e0 ConcurrentGCThread "G1 Main Marker"            [id=9888, stack(0x000000a1bf100000,0x000000a1bf200000) (1024K)]
  0x0000024fb9e273f0 WorkerThread "G1 Conc#0"                       [id=19736, stack(0x000000a1bf200000,0x000000a1bf300000) (1024K)]

[error occurred during error reporting (printing all threads), id 0xc0000005, EXCEPTION_ACCESS_VIOLATION (0xc0000005) at pc=0x00007ff909b0f517]
VM state: not at safepoint (not fully initialized)

VM Mutex/Monitor currently owned by a thread:  ([mutex/lock_event])
[0x00007ff90a43cc80] Heap_lock - owner thread: 0x0000024fb7b9c610

Heap address: 0x0000000081e00000, size: 2018 MB, Compressed Oops mode: 32-bit

CDS archive(s) mapped at: [0x0000000000000000-0x0000000000000000-0x0000000000000000), size 0, SharedBaseAddress: 0x0000000800000000, ArchiveRelocationMode: 1.
Narrow klass base: 0x0000000000000000, Narrow klass shift: 0, Narrow klass range: 0x0

GC Precious Log:
 CardTable entry size: 512
 Card Set container configuration: InlinePtr #cards 5 size 8 Array Of Cards #cards 12 size 40 Howl #buckets 4 coarsen threshold 1843 Howl Bitmap #cards 512 size 80 coarsen threshold 460 Card regions per heap region 1 cards per card region 2048

Heap:
 garbage-first heap   total reserved 2066432K, committed 0K, used 0K [0x0000000081e00000, 0x0000000100000000)
  region size 1024K, 0 young (0K), 0 survivors (0K)

[error occurred during error reporting (printing heap information), id 0xc0000005, EXCEPTION_ACCESS_VIOLATION (0xc0000005) at pc=0x00007ff909f0e869]
GC Heap History (0 events):
No events

Dll operation events (1 events):
Event: 0.015 Loaded shared library C:\Users\teo19\.jdks\openjdk-22.0.2\bin\java.dll

Deoptimization events (0 events):
No events

Classes loaded (0 events):
No events

Classes unloaded (0 events):
No events

Classes redefined (0 events):
No events

Internal exceptions (0 events):
No events

ZGC Phase Switch (0 events):
No events

VM Operations (0 events):
No events

Memory protections (0 events):
No events

Nmethod flushes (0 events):
No events

Events (0 events):
No events


Dynamic libraries:
0x00007ff63a170000 - 0x00007ff63a17e000 	C:\Users\teo19\.jdks\openjdk-22.0.2\bin\java.exe
0x00007ff975630000 - 0x00007ff975828000 	C:\WINDOWS\SYSTEM32\ntdll.dll
0x00007ff975520000 - 0x00007ff9755e2000 	C:\WINDOWS\System32\KERNEL32.DLL
0x00007ff972cd0000 - 0x00007ff972fce000 	C:\WINDOWS\System32\KERNELBASE.dll
0x00007ff973090000 - 0x00007ff973190000 	C:\WINDOWS\System32\ucrtbase.dll
0x00007ff951d70000 - 0x00007ff951d87000 	C:\Users\teo19\.jdks\openjdk-22.0.2\bin\jli.dll
0x00007ff951ad0000 - 0x00007ff951aeb000 	C:\Users\teo19\.jdks\openjdk-22.0.2\bin\VCRUNTIME140.dll
0x00007ff975220000 - 0x00007ff9753bd000 	C:\WINDOWS\System32\USER32.dll
0x00007ff972fd0000 - 0x00007ff972ff2000 	C:\WINDOWS\System32\win32u.dll
0x00007ff9654a0000 - 0x00007ff96573a000 	C:\WINDOWS\WinSxS\amd64_microsoft.windows.common-controls_6595b64144ccf1df_6.0.19041.4355_none_60b8b9eb71f62e16\COMCTL32.dll
0x00007ff973780000 - 0x00007ff9737ab000 	C:\WINDOWS\System32\GDI32.dll
0x00007ff973280000 - 0x00007ff973397000 	C:\WINDOWS\System32\gdi32full.dll
0x00007ff974360000 - 0x00007ff9743fe000 	C:\WINDOWS\System32\msvcrt.dll
0x00007ff973500000 - 0x00007ff97359d000 	C:\WINDOWS\System32\msvcp_win.dll
0x00007ff974f30000 - 0x00007ff974f5f000 	C:\WINDOWS\System32\IMM32.DLL
0x00007ff958e20000 - 0x00007ff958e2c000 	C:\Users\teo19\.jdks\openjdk-22.0.2\bin\vcruntime140_1.dll
0x00007ff927800000 - 0x00007ff92788e000 	C:\Users\teo19\.jdks\openjdk-22.0.2\bin\msvcp140.dll
0x00007ff9097d0000 - 0x00007ff90a519000 	C:\Users\teo19\.jdks\openjdk-22.0.2\bin\server\jvm.dll
0x00007ff973a10000 - 0x00007ff973ac2000 	C:\WINDOWS\System32\ADVAPI32.dll
0x00007ff9738e0000 - 0x00007ff973980000 	C:\WINDOWS\System32\sechost.dll
0x00007ff974410000 - 0x00007ff974533000 	C:\WINDOWS\System32\RPCRT4.dll
0x00007ff973250000 - 0x00007ff973277000 	C:\WINDOWS\System32\bcrypt.dll
0x00007ff974ec0000 - 0x00007ff974f2b000 	C:\WINDOWS\System32\WS2_32.dll
0x00007ff972220000 - 0x00007ff97226b000 	C:\WINDOWS\SYSTEM32\POWRPROF.dll
0x00007ff965470000 - 0x00007ff965497000 	C:\WINDOWS\SYSTEM32\WINMM.dll
0x00007ff9678f0000 - 0x00007ff9678fa000 	C:\WINDOWS\SYSTEM32\VERSION.dll
0x00007ff972090000 - 0x00007ff9720a2000 	C:\WINDOWS\SYSTEM32\UMPDC.dll
0x00007ff9714b0000 - 0x00007ff9714c2000 	C:\WINDOWS\SYSTEM32\kernel.appcore.dll
0x00007ff958030000 - 0x00007ff95803a000 	C:\Users\teo19\.jdks\openjdk-22.0.2\bin\jimage.dll
0x00007ff96a790000 - 0x00007ff96a974000 	C:\WINDOWS\SYSTEM32\DBGHELP.DLL
0x00007ff95dad0000 - 0x00007ff95db04000 	C:\WINDOWS\SYSTEM32\dbgcore.DLL
0x00007ff973000000 - 0x00007ff973082000 	C:\WINDOWS\System32\bcryptPrimitives.dll
0x00007ff9519e0000 - 0x00007ff9519fe000 	C:\Users\teo19\.jdks\openjdk-22.0.2\bin\java.dll
0x00007ff973b40000 - 0x00007ff9742af000 	C:\WINDOWS\System32\SHELL32.dll
0x00007ff974f60000 - 0x00007ff97508b000 	C:\WINDOWS\System32\ole32.dll
0x00007ff974b60000 - 0x00007ff974eb3000 	C:\WINDOWS\System32\combase.dll

dbghelp: loaded successfully - version: 4.0.5 - missing functions: none
symbol engine: initialized successfully - sym options: 0x614 - pdb path: .;C:\Users\teo19\.jdks\openjdk-22.0.2\bin;C:\WINDOWS\SYSTEM32;C:\WINDOWS\WinSxS\amd64_microsoft.windows.common-controls_6595b64144ccf1df_6.0.19041.4355_none_60b8b9eb71f62e16;C:\Users\teo19\.jdks\openjdk-22.0.2\bin\server

VM Arguments:
java_command: <unknown>
java_class_path (initial): <not set>
Launcher Type: SUN_STANDARD

[Global flags]
     intx CICompilerCount                          = 3                                         {product} {ergonomic}
     uint ConcGCThreads                            = 1                                         {product} {ergonomic}
     uint G1ConcRefinementThreads                  = 4                                         {product} {ergonomic}
   size_t G1HeapRegionSize                         = 1048576                                   {product} {ergonomic}
   size_t InitialHeapSize                          = 134217728                                 {product} {ergonomic}
   size_t MarkStackSize                            = 4194304                                   {product} {ergonomic}
   size_t MaxHeapSize                              = 2116026368                                {product} {ergonomic}
   size_t MinHeapDeltaBytes                        = 1048576                                   {product} {ergonomic}
   size_t MinHeapSize                              = 8388608                                   {product} {ergonomic}
    uintx NonNMethodCodeHeapSize                   = 5832780                                {pd product} {ergonomic}
    uintx NonProfiledCodeHeapSize                  = 122912730                              {pd product} {ergonomic}
    uintx ProfiledCodeHeapSize                     = 122912730                              {pd product} {ergonomic}
    uintx ReservedCodeCacheSize                    = 251658240                              {pd product} {ergonomic}
     bool SegmentedCodeCache                       = true                                      {product} {ergonomic}
   size_t SoftMaxHeapSize                          = 2116026368                             {manageable} {ergonomic}
     bool UseCompressedOops                        = true                           {product lp64_product} {ergonomic}
     bool UseG1GC                                  = true                                      {product} {ergonomic}
     bool UseLargePagesIndividualAllocation        = false                                  {pd product} {ergonomic}

Logging:
Log output configuration:
 #0: stdout all=warning uptime,level,tags foldmultilines=false
 #1: stderr all=off uptime,level,tags foldmultilines=false

Environment Variables:
JAVA_HOME=C:\Program Files\JetBrains\IntelliJ IDEA Community Edition 2023.2.4\jbr
PATH=C:\WINDOWS\system32;C:\WINDOWS;C:\WINDOWS\System32\Wbem;C:\WINDOWS\System32\WindowsPowerShell\v1.0\;C:\WINDOWS\System32\OpenSSH\;C:\Program Files\Microsoft SQL Server\130\Tools\Binn\;C:\Program Files\Intel\WiFi\bin\;C:\Program Files\Common Files\Intel\WirelessCommon\;C:\Users\darij\Gradle\gradle-8.7\bin;C:\Program Files\JetBrains\IntelliJ IDEA Community Edition 2023.2.4\jbr\bin;C:\Program Files\PuTTY\;C:\Program Files\Docker\Docker\resources\bin;C:\Users\teo19\AppData\Local\Microsoft\WindowsApps;;C:\Users\teo19\Desktop\PyCharm 2023.3.4\bin;
USERNAME=teo19
OS=Windows_NT
PROCESSOR_IDENTIFIER=Intel64 Family 6 Model 61 Stepping 4, GenuineIntel
TMP=C:\Users\teo19\AppData\Local\Temp
TEMP=C:\Users\teo19\AppData\Local\Temp




Periodic native trim disabled

---------------  S Y S T E M  ---------------

OS:
 Windows 10 , 64 bit Build 19041 (10.0.19041.4957)
OS uptime: 24 days 0:00 hours
Hyper-V role detected

CPU: total 4 (initial active 4) (2 cores per cpu, 2 threads per core) family 6 model 61 stepping 4 microcode 0x2f, cx8, cmov, fxsr, ht, mmx, 3dnowpref, sse, sse2, sse3, ssse3, sse4.1, sse4.2, popcnt, lzcnt, tsc, tscinvbit, avx, avx2, aes, erms, clmul, bmi1, bmi2, rtm, adx, fma, vzeroupper, clflush, hv, rdtscp, f16c
Processor Information for all 4 processors :
  Max Mhz: 2301, Current Mhz: 2301, Mhz Limit: 2301

Memory: 4k page, system-wide physical 8067M (700M free)
TotalPageFile size 13259M (AvailPageFile size 222M)
current process WorkingSet (physical memory assigned to process): 11M, peak: 11M
current process commit charge ("private bytes"): 52M, peak: 180M

vm_info: OpenJDK 64-Bit Server VM (22.0.2+9-70) for windows-amd64 JRE (22.0.2+9-70), built on 2024-06-04T16:52:23Z by "mach5one" with MS VC++ 17.6 (VS2022)

END.
